f:\個人用\ゲームプログラミング\2020年度課題\gameprogramming1\gameprogramming1\debug\vc142.pdb
f:\個人用\ゲームプログラミング\2020年度課題\gameprogramming1\gameprogramming1\debug\vc142.idb
f:\個人用\ゲームプログラミング\2020年度課題\gameprogramming1\gameprogramming1\debug\directxtexfliprotate.obj
f:\個人用\ゲームプログラミング\2020年度課題\gameprogramming1\gameprogramming1\debug\directxtexdds.obj
f:\個人用\ゲームプログラミング\2020年度課題\gameprogramming1\gameprogramming1\debug\directxtexd3d12.obj
f:\個人用\ゲームプログラミング\2020年度課題\gameprogramming1\gameprogramming1\debug\directxtexd3d11.obj
f:\個人用\ゲームプログラミング\2020年度課題\gameprogramming1\gameprogramming1\debug\directxtexconvert.obj
f:\個人用\ゲームプログラミング\2020年度課題\gameprogramming1\gameprogramming1\debug\directxtexcompressgpu.obj
f:\個人用\ゲームプログラミング\2020年度課題\gameprogramming1\gameprogramming1\debug\directxtexcompress.obj
f:\個人用\ゲームプログラミング\2020年度課題\gameprogramming1\gameprogramming1\debug\bcdirectcompute.obj
f:\個人用\ゲームプログラミング\2020年度課題\gameprogramming1\gameprogramming1\debug\bc6hbc7.obj
f:\個人用\ゲームプログラミング\2020年度課題\gameprogramming1\gameprogramming1\debug\bc4bc5.obj
f:\個人用\ゲームプログラミング\2020年度課題\gameprogramming1\gameprogramming1\debug\bc.obj
f:\個人用\ゲームプログラミング\2020年度課題\gameprogramming1\gameprogramming1\debug\ddsview.obj
f:\個人用\ゲームプログラミング\2020年度課題\gameprogramming1\gameprogramming1\debug\ddstextureloader12.obj
f:\個人用\ゲームプログラミング\2020年度課題\gameprogramming1\gameprogramming1\debug\ddstextureloader.obj
f:\個人用\ゲームプログラミング\2020年度課題\gameprogramming1\gameprogramming1\debug\ctexture.obj
f:\個人用\ゲームプログラミング\2020年度課題\gameprogramming1\gameprogramming1\debug\cquadpolygon.obj
f:\個人用\ゲームプログラミング\2020年度課題\gameprogramming1\gameprogramming1\debug\cpicture.obj
f:\個人用\ゲームプログラミング\2020年度課題\gameprogramming1\gameprogramming1\debug\cdirectinput.obj
f:\個人用\ゲームプログラミング\2020年度課題\gameprogramming1\gameprogramming1\debug\ccamera.obj
f:\個人用\ゲームプログラミング\2020年度課題\gameprogramming1\gameprogramming1\debug\capplication.obj
f:\個人用\ゲームプログラミング\2020年度課題\gameprogramming1\gameprogramming1\debug\cactiongameapp.obj
f:\個人用\ゲームプログラミング\2020年度課題\gameprogramming1\gameprogramming1\debug\actiongame.obj
f:\個人用\ゲームプログラミング\2020年度課題\gameprogramming1\gameprogramming1\debug\gamepgutil.obj
f:\個人用\ゲームプログラミング\2020年度課題\gameprogramming1\gameprogramming1\debug\wictextureloader12.obj
f:\個人用\ゲームプログラミング\2020年度課題\gameprogramming1\gameprogramming1\debug\wictextureloader.obj
f:\個人用\ゲームプログラミング\2020年度課題\gameprogramming1\gameprogramming1\debug\texdiag.obj
f:\個人用\ゲームプログラミング\2020年度課題\gameprogramming1\gameprogramming1\debug\texconv.obj
f:\個人用\ゲームプログラミング\2020年度課題\gameprogramming1\gameprogramming1\debug\texassemble.obj
f:\個人用\ゲームプログラミング\2020年度課題\gameprogramming1\gameprogramming1\debug\screengrab12.obj
f:\個人用\ゲームプログラミング\2020年度課題\gameprogramming1\gameprogramming1\debug\screengrab.obj
f:\個人用\ゲームプログラミング\2020年度課題\gameprogramming1\gameprogramming1\debug\directxtexwic.obj
f:\個人用\ゲームプログラミング\2020年度課題\gameprogramming1\gameprogramming1\debug\directxtexutil.obj
f:\個人用\ゲームプログラミング\2020年度課題\gameprogramming1\gameprogramming1\debug\directxtextga.obj
f:\個人用\ゲームプログラミング\2020年度課題\gameprogramming1\gameprogramming1\debug\directxtexresize.obj
f:\個人用\ゲームプログラミング\2020年度課題\gameprogramming1\gameprogramming1\debug\directxtexpmalpha.obj
f:\個人用\ゲームプログラミング\2020年度課題\gameprogramming1\gameprogramming1\debug\directxtexnormalmaps.obj
f:\個人用\ゲームプログラミング\2020年度課題\gameprogramming1\gameprogramming1\debug\directxtexmisc.obj
f:\個人用\ゲームプログラミング\2020年度課題\gameprogramming1\gameprogramming1\debug\directxtexmipmaps.obj
f:\個人用\ゲームプログラミング\2020年度課題\gameprogramming1\gameprogramming1\debug\directxteximage.obj
f:\個人用\ゲームプログラミング\2020年度課題\gameprogramming1\gameprogramming1\debug\directxtexhdr.obj
f:\個人用\ゲームプログラミング\2020年度課題\gameprogramming1\gameprogramming1\debug\stdafx.obj
f:\個人用\ゲームプログラミング\2020年度課題\gameprogramming1\gameprogramming1\debug\ddsview.res
f:\個人用\ゲームプログラミング\2020年度課題\gameprogramming1\gameprogramming1\debug\texassemble.res
f:\個人用\ゲームプログラミング\2020年度課題\gameprogramming1\gameprogramming1\debug\texconv.res
f:\個人用\ゲームプログラミング\2020年度課題\gameprogramming1\gameprogramming1\debug\texdiag.res
f:\個人用\ゲームプログラミング\2020年度課題\gameprogramming1\gameprogramming1\debug\gameprogramming1.tlog\cl.command.1.tlog
f:\個人用\ゲームプログラミング\2020年度課題\gameprogramming1\gameprogramming1\debug\gameprogramming1.tlog\cl.read.1.tlog
f:\個人用\ゲームプログラミング\2020年度課題\gameprogramming1\gameprogramming1\debug\gameprogramming1.tlog\cl.write.1.tlog
f:\個人用\ゲームプログラミング\2020年度課題\gameprogramming1\gameprogramming1\debug\gameprogramming1.tlog\link-cvtres.read.1.tlog
f:\個人用\ゲームプログラミング\2020年度課題\gameprogramming1\gameprogramming1\debug\gameprogramming1.tlog\link-rc.read.1.tlog
f:\個人用\ゲームプログラミング\2020年度課題\gameprogramming1\gameprogramming1\debug\gameprogramming1.tlog\link-rc.write.1.tlog
f:\個人用\ゲームプログラミング\2020年度課題\gameprogramming1\gameprogramming1\debug\gameprogramming1.tlog\link.command.1.tlog
f:\個人用\ゲームプログラミング\2020年度課題\gameprogramming1\gameprogramming1\debug\gameprogramming1.tlog\link.read.1.tlog
f:\個人用\ゲームプログラミング\2020年度課題\gameprogramming1\gameprogramming1\debug\gameprogramming1.tlog\link.write.1.tlog
f:\個人用\ゲームプログラミング\2020年度課題\gameprogramming1\gameprogramming1\debug\gameprogramming1.tlog\rc.command.1.tlog
f:\個人用\ゲームプログラミング\2020年度課題\gameprogramming1\gameprogramming1\debug\gameprogramming1.tlog\rc.read.1.tlog
f:\個人用\ゲームプログラミング\2020年度課題\gameprogramming1\gameprogramming1\debug\gameprogramming1.tlog\rc.write.1.tlog
