d:\20cu0314\2021_10_21\アルカノイド\gameprogramming1\x64\debug\vc142.pdb
d:\20cu0314\2021_10_21\アルカノイド\gameprogramming1\x64\debug\vc142.idb
d:\20cu0314\2021_10_21\アルカノイド\gameprogramming1\x64\debug\gamestory.obj
d:\20cu0314\2021_10_21\アルカノイド\gameprogramming1\x64\debug\gameplay.obj
d:\20cu0314\2021_10_21\アルカノイド\gameprogramming1\x64\debug\gameover.obj
d:\20cu0314\2021_10_21\アルカノイド\gameprogramming1\x64\debug\gameclear.obj
d:\20cu0314\2021_10_21\アルカノイド\gameprogramming1\x64\debug\block.obj
d:\20cu0314\2021_10_21\アルカノイド\gameprogramming1\x64\debug\ball.obj
d:\20cu0314\2021_10_21\アルカノイド\gameprogramming1\x64\debug\cobjectbase.obj
d:\20cu0314\2021_10_21\アルカノイド\gameprogramming1\x64\debug\cactiongameapp.obj
d:\20cu0314\2021_10_21\アルカノイド\gameprogramming1\x64\debug\actiongame.obj
d:\20cu0314\2021_10_21\アルカノイド\gameprogramming1\x64\debug\gamepgutil.obj
d:\20cu0314\2021_10_21\アルカノイド\gameprogramming1\x64\debug\wictextureloader.obj
d:\20cu0314\2021_10_21\アルカノイド\gameprogramming1\x64\debug\cxaudio2.obj
d:\20cu0314\2021_10_21\アルカノイド\gameprogramming1\x64\debug\ctexture.obj
d:\20cu0314\2021_10_21\アルカノイド\gameprogramming1\x64\debug\csourcevoice.obj
d:\20cu0314\2021_10_21\アルカノイド\gameprogramming1\x64\debug\cquadpolygon.obj
d:\20cu0314\2021_10_21\アルカノイド\gameprogramming1\x64\debug\cpicture.obj
d:\20cu0314\2021_10_21\アルカノイド\gameprogramming1\x64\debug\cfont.obj
d:\20cu0314\2021_10_21\アルカノイド\gameprogramming1\x64\debug\cdirectinput.obj
d:\20cu0314\2021_10_21\アルカノイド\gameprogramming1\x64\debug\ccamera.obj
d:\20cu0314\2021_10_21\アルカノイド\gameprogramming1\x64\debug\capplication.obj
d:\20cu0314\2021_10_21\アルカノイド\gameprogramming1\x64\debug\stdafx.obj
d:\20cu0314\2021_10_21\アルカノイド\gameprogramming1\x64\debug\ui.obj
d:\20cu0314\2021_10_21\アルカノイド\gameprogramming1\x64\debug\stage.obj
d:\20cu0314\2021_10_21\アルカノイド\gameprogramming1\x64\debug\playerobject.obj
d:\20cu0314\2021_10_21\アルカノイド\gameprogramming1\x64\debug\item.obj
d:\20cu0314\2021_10_21\アルカノイド\gameprogramming1\x64\debug\gametitle.obj
d:\20cu0314\2021_10_21\アルカノイド\x64\debug\gameprogramming1.exe
d:\20cu0314\2021_10_21\アルカノイド\x64\debug\gameprogramming1.ilk
d:\20cu0314\2021_10_21\アルカノイド\x64\debug\gameprogramming1.pdb
d:\20cu0314\2021_10_21\アルカノイド\gameprogramming1\x64\debug\gameprogramming1.res
d:\20cu0314\2021_10_21\アルカノイド\gameprogramming1\x64\debug\gameprogramming1.tlog\cl.command.1.tlog
d:\20cu0314\2021_10_21\アルカノイド\gameprogramming1\x64\debug\gameprogramming1.tlog\cl.read.1.tlog
d:\20cu0314\2021_10_21\アルカノイド\gameprogramming1\x64\debug\gameprogramming1.tlog\cl.write.1.tlog
d:\20cu0314\2021_10_21\アルカノイド\gameprogramming1\x64\debug\gameprogramming1.tlog\link.command.1.tlog
d:\20cu0314\2021_10_21\アルカノイド\gameprogramming1\x64\debug\gameprogramming1.tlog\link.read.1.tlog
d:\20cu0314\2021_10_21\アルカノイド\gameprogramming1\x64\debug\gameprogramming1.tlog\link.write.1.tlog
d:\20cu0314\2021_10_21\アルカノイド\gameprogramming1\x64\debug\gameprogramming1.tlog\rc.command.1.tlog
d:\20cu0314\2021_10_21\アルカノイド\gameprogramming1\x64\debug\gameprogramming1.tlog\rc.read.1.tlog
d:\20cu0314\2021_10_21\アルカノイド\gameprogramming1\x64\debug\gameprogramming1.tlog\rc.write.1.tlog
